This is pdfTeX, Version 3.1415926-1.40.8-alpha-20080323 (MiKTeX 2.7) (preloaded format=pdflatex 2009.1.16)  20 MAR 2009 17:09
entering extended mode
**project_structure.tex
(project_structure.tex
LaTeX2e <2005/12/01>
Babel <v3.8j> and hyphenation patterns for english, dumylang, nohyphenation, ge
rman, ngerman, french, ukrainian, loaded.
! Undefined control sequence.
l.1 \section
            {Деталі програмної реалізації}
? 
! Emergency stop.
l.1 \section
            {Деталі програмної реалізації}
End of file on the terminal!

 
Here is how much of TeX's memory you used:
 6 strings out of 95311
 151 string characters out of 1183476
 44942 words of memory out of 1500000
 3307 multiletter control sequences out of 110000
 3640 words of font info for 14 fonts, out of 1200000 for 2000
 14 hyphenation exceptions out of 8191
 5i,0n,1p,63b,8s stack positions out of 5000i,500n,10000p,200000b,5000s
!  ==> Fatal error occurred, no output PDF file produced!
